mobilenet_v2_0.5_224 1080 12.718790923407255
mobilenet_v2_0.5_224 360 18.9704184172248
mobilenet_v2_0.5_224 720 15.824687947922998
mobilenet_v2_0.5_224 480 18.4092064254964
mobilenet_v2_0.75_96 1080 11.551544009388119
mobilenet_v2_0.75_96 360 18.423716549815264
mobilenet_v2_0.75_96 720 14.99220565515104
mobilenet_v2_0.75_96 480 17.94132444229373
mobilenet_v2_0.35_192 1080 11.493434811700627
mobilenet_v2_0.35_192 360 17.889337483981596
mobilenet_v2_0.35_192 720 14.6571021243895
mobilenet_v2_0.35_192 480 17.581793757885727
mobilenet_v2_0.5_96 1080 10.940515910426784
mobilenet_v2_0.5_96 360 17.917709422600907
mobilenet_v2_0.5_96 720 14.14251962684238
mobilenet_v2_0.5_96 480 17.485645249026273
mobilenet_v2_1.0_128 1080 12.15409284291409
mobilenet_v2_1.0_128 360 18.609185481393986
mobilenet_v2_1.0_128 720 15.213901638446504
mobilenet_v2_1.0_128 480 18.07333272031733
mobilenet_v2_0.75_224 1080 11.739020783705213
mobilenet_v2_0.75_224 360 17.739897188415867
mobilenet_v2_0.75_224 720 14.695491076200238
mobilenet_v2_0.75_224 480 17.282315962532174
v3-large-minimalistic_224_1.0_float 1080 11.653976373444056
v3-large-minimalistic_224_1.0_float 360 17.34763348130728
v3-large-minimalistic_224_1.0_float 720 14.50748129106074
v3-large-minimalistic_224_1.0_float 480 17.040818049741823
mobilenet_v2_0.35_160 1080 11.280134358708121
mobilenet_v2_0.35_160 360 17.855730438163558
mobilenet_v2_0.35_160 720 14.385724079935045
mobilenet_v2_0.35_160 480 17.486613446647112
v3-small_224_0.75_float 1080 16.487047486183336
v3-small_224_0.75_float 360 34.33136954552643
v3-small_224_0.75_float 720 23.672010842792815
v3-small_224_0.75_float 480 31.44231560593887
v3-small-minimalistic_224_1.0_float 1080 12.635574095816652
v3-small-minimalistic_224_1.0_float 360 27.541398842827526
v3-small-minimalistic_224_1.0_float 720 18.237016346992696
v3-small-minimalistic_224_1.0_float 480 26.129161116669234
mobilenet_v2_1.0_96 1080 8.139828221606667
mobilenet_v2_1.0_96 360 13.815434497746017
mobilenet_v2_1.0_96 720 10.664804184777989
mobilenet_v2_1.0_96 480 13.308480855623044
mobilenet_v2_1.0_192 1080 9.029339136269872
mobilenet_v2_1.0_192 360 17.819227961202913
mobilenet_v2_1.0_192 720 13.945436885988022
mobilenet_v2_1.0_192 480 17.382789356961936
mobilenet_v2_0.5_160 1080 10.896265250542767
mobilenet_v2_0.5_160 360 18.058570423843992
mobilenet_v2_0.5_160 720 14.270288019518544
mobilenet_v2_0.5_160 480 17.482693166207966
mobilenet_v2_0.35_96 1080 10.003598932560857
mobilenet_v2_0.35_96 360 16.74653956024303
mobilenet_v2_0.35_96 720 11.230971020911184
mobilenet_v2_0.35_96 480 14.014065929007643
mobilenet_v2_0.35_128 1080 9.88478664066082
mobilenet_v2_0.35_128 360 15.19353547708479
mobilenet_v2_0.35_128 720 12.608269972758338
mobilenet_v2_0.35_128 480 14.912036596720995
mobilenet_v2_0.5_192 1080 8.615079210565696
mobilenet_v2_0.5_192 360 14.71820847516165
mobilenet_v2_0.5_192 720 12.668651422056122
mobilenet_v2_0.5_192 480 15.948266335545496
mobilenet_v2_0.75_160 1080 12.292457956198694
mobilenet_v2_0.75_160 360 17.827649027213976
mobilenet_v2_0.75_160 720 14.929381506456211
mobilenet_v2_0.75_160 480 17.516057190301087
mobilenet_v2_0.75_128 1080 11.882231554192145
mobilenet_v2_0.75_128 360 17.393151269625697
mobilenet_v2_0.75_128 720 14.533783526405955
mobilenet_v2_0.75_128 480 17.105730752680824
mobilenet_v2_0.5_128 1080 12.333430705930613
mobilenet_v2_0.5_128 360 18.31395998595449
mobilenet_v2_0.5_128 720 15.139292045151805
mobilenet_v2_0.5_128 480 17.85491529650276
mobilenet_v2_1.0_160 1080 11.250342287551206
mobilenet_v2_1.0_160 360 17.780828230979
mobilenet_v2_1.0_160 720 14.351007101698372
mobilenet_v2_1.0_160 480 17.336553837098094
mobilenet_v2_1.0_224 1080 12.571216151611637
mobilenet_v2_1.0_224 360 18.914699640739855
mobilenet_v2_1.0_224 720 15.804845114829044
mobilenet_v2_1.0_224 480 18.60253917335882
mobilenet_v2_0.75_192 1080 12.70671622562331
mobilenet_v2_0.75_192 360 18.7676121848796
mobilenet_v2_0.75_192 720 15.615307399533851
mobilenet_v2_0.75_192 480 18.460641642065976
v3-large_224_0.75_float 1080 11.19049917808364
v3-large_224_0.75_float 360 17.569242529084754
v3-large_224_0.75_float 720 14.215014518742528
v3-large_224_0.75_float 480 16.918889435723635
v3-large_224_1.0_float 1080 8.330239244471102
v3-large_224_1.0_float 360 15.889057275958573
v3-large_224_1.0_float 720 11.616781887981345
v3-large_224_1.0_float 480 15.351317490992411
v3-small_224_1.0_float 1080 10.311982117236681
v3-small_224_1.0_float 360 16.83643244897557
v3-small_224_1.0_float 720 13.371728594942228
v3-small_224_1.0_float 480 16.263353786741735
mobilenet_v2_0.35_224 1080 12.7302179000897
mobilenet_v2_0.35_224 360 18.707861672681908
mobilenet_v2_0.35_224 720 15.547368091162351
mobilenet_v2_0.35_224 480 18.24397792761873

2020-09-12 03:31:31,495 - fps_mobilenets - INFO - CUDA_VISIBLE_DEVICES: 1
mobilenet_v2_0.35_128 360 25.589434931161826
mobilenet_v2_0.35_128 480 25.617777458107874
mobilenet_v2_0.35_128 720 22.946369018447513
mobilenet_v2_0.35_128 1080 19.584011797814046
mobilenet_v2_0.5_96 360 22.58722167442352
mobilenet_v2_0.5_96 480 22.522525375526374
mobilenet_v2_0.5_96 720 19.846571934446928
mobilenet_v2_0.5_96 1080 16.972582673230644
mobilenet_v2_0.35_160 360 23.446239592401497
mobilenet_v2_0.35_160 480 23.751736695460682
mobilenet_v2_0.35_160 720 21.67625582936451
mobilenet_v2_0.35_160 1080 18.996295166870272
mobilenet_v2_0.75_160 360 25.850158350393517
mobilenet_v2_0.75_160 480 25.870762127625447
mobilenet_v2_0.75_160 720 24.83026738650794
mobilenet_v2_0.75_160 1080 23.876265190266572
mobilenet_v2_0.35_192 360 23.162139588705536
mobilenet_v2_0.35_192 480 23.10319999330553
mobilenet_v2_0.35_192 720 21.177608431022698
mobilenet_v2_0.35_192 1080 18.65225165827749
mobilenet_v2_0.75_96 360 23.70375268533655
mobilenet_v2_0.75_96 480 23.802478306544433
mobilenet_v2_0.75_96 720 21.900194924052144
mobilenet_v2_0.75_96 1080 19.582814245574394
mobilenet_v2_0.35_224 360 25.718538799337683
mobilenet_v2_0.35_224 480 25.95614223638939
mobilenet_v2_0.35_224 720 24.96591899309107
mobilenet_v2_0.35_224 1080 23.33600564285091
mobilenet_v2_1.0_128 360 24.568632571816266
mobilenet_v2_1.0_128 480 24.88595500244227
mobilenet_v2_1.0_128 720 22.972784821444353
mobilenet_v2_1.0_128 1080 21.31219649298577
mobilenet_v2_0.35_96 360 21.54106473242605
mobilenet_v2_0.35_96 480 21.157562366079947
mobilenet_v2_0.35_96 720 18.433088376457324
mobilenet_v2_0.35_96 1080 15.297507614424756
mobilenet_v2_1.0_160 360 23.52336632337723
mobilenet_v2_1.0_160 480 23.25284005715752
mobilenet_v2_1.0_160 720 21.504592391578452
mobilenet_v2_1.0_160 1080 19.128383469995487
mobilenet_v2_0.5_128 360 25.102712874746583
mobilenet_v2_0.5_128 480 25.275703478411607
mobilenet_v2_0.5_128 720 24.16113766616727
mobilenet_v2_0.5_128 1080 22.457410052325766
mobilenet_v2_1.0_192 360 22.48055160446023
mobilenet_v2_1.0_192 480 22.343682379101008
mobilenet_v2_1.0_192 720 19.54539779204721
mobilenet_v2_1.0_192 1080 16.323070620397132
mobilenet_v2_0.5_160 360 22.730501346392284
mobilenet_v2_0.5_160 480 22.79970767132967
mobilenet_v2_0.5_160 720 20.049387799047672
mobilenet_v2_0.5_160 1080 17.156271400711717
mobilenet_v2_1.0_224 360 25.601210888318825
mobilenet_v2_1.0_224 480 25.998452434076594
mobilenet_v2_1.0_224 720 24.94963625451009
mobilenet_v2_1.0_224 1080 23.56364664209951
v3-large_224_0.75_float 360 18.373038316485733
v3-large_224_0.75_float 480 18.483232277802855
v3-large_224_0.75_float 720 17.202451099662333
v3-large_224_0.75_float 1080 15.744387652680933
mobilenet_v2_0.75_224 360 24.06054922466301
mobilenet_v2_0.75_224 480 24.117111608838137
mobilenet_v2_0.75_224 720 22.57965009670008
mobilenet_v2_0.75_224 1080 20.685374156070473
mobilenet_v2_0.75_128 360 25.746022123739262
mobilenet_v2_0.75_128 480 26.155473193111362
mobilenet_v2_0.75_128 720 25.270939866050373
mobilenet_v2_0.75_128 1080 23.754559024935475
mobilenet_v2_0.5_192 360 21.030183778257744
mobilenet_v2_0.5_192 480 21.061779506196746
mobilenet_v2_0.5_192 720 18.398146443657954
mobilenet_v2_0.5_192 1080 15.23725424678473
mobilenet_v2_0.5_224 360 25.700106012214576
mobilenet_v2_0.5_224 480 25.900681636600265
mobilenet_v2_0.5_224 720 24.767184978749672
mobilenet_v2_0.5_224 1080 23.386632758416766
mobilenet_v2_1.0_96 360 22.792918032692736
mobilenet_v2_1.0_96 480 22.411988260756853
mobilenet_v2_1.0_96 720 20.004462187684833
mobilenet_v2_1.0_96 1080 17.546377008680224
mobilenet_v2_0.75_192 360 25.351611740836148
mobilenet_v2_0.75_192 480 25.875739517865988
mobilenet_v2_0.75_192 720 24.827567793991847
mobilenet_v2_0.75_192 1080 23.614354063477826
v3-small_224_0.75_float 360 25.367719214903044
v3-small_224_0.75_float 480 25.23646912217227
v3-small_224_0.75_float 720 23.130952675215667
v3-small_224_0.75_float 1080 20.27242860319729
v3-small_224_1.0_float 360 18.091705614371122
v3-small_224_1.0_float 480 17.988060702926468
v3-small_224_1.0_float 720 16.23716978203892
v3-small_224_1.0_float 1080 14.146402568235626
v3-small-minimalistic_224_1.0_float 360 24.693742044670728
v3-small-minimalistic_224_1.0_float 480 25.31292138077117
v3-small-minimalistic_224_1.0_float 720 23.116998274676227
v3-small-minimalistic_224_1.0_float 1080 20.542285844821492
v3-large_224_1.0_float 360 16.760288620842417
v3-large_224_1.0_float 480 16.668290371892997
v3-large_224_1.0_float 720 14.287923943114711
v3-large_224_1.0_float 1080 11.361438200115082
v3-large-minimalistic_224_1.0_float 360 18.990767795246626
v3-large-minimalistic_224_1.0_float 480 19.233280940491426
v3-large-minimalistic_224_1.0_float 720 18.36264905813243
v3-large-minimalistic_224_1.0_float 1080 17.033926292802192

2020-09-12 04:49:54,638 - fps_mobilenets - INFO - CUDA_VISIBLE_DEVICES: -1
mobilenet_v2_0.35_128 360 25.605561447298914
mobilenet_v2_0.35_128 480 25.522584242901964
mobilenet_v2_0.35_128 720 23.503152555314827
mobilenet_v2_0.35_128 1080 20.14417656214407
mobilenet_v2_0.5_96 360 22.938026844096736
mobilenet_v2_0.5_96 480 22.740973355611473
mobilenet_v2_0.5_96 720 20.335177711840057
mobilenet_v2_0.5_96 1080 17.353285147678505
mobilenet_v2_0.35_160 360 24.150809717699037
mobilenet_v2_0.35_160 480 24.148299132614284
mobilenet_v2_0.35_160 720 22.160168211879327
mobilenet_v2_0.35_160 1080 19.619283933212248
mobilenet_v2_0.75_160 360 25.865784394168486
mobilenet_v2_0.75_160 480 26.307146320022323
mobilenet_v2_0.75_160 720 25.28676226617745
mobilenet_v2_0.75_160 1080 23.635901408141397
mobilenet_v2_0.35_192 360 23.258417421407543
mobilenet_v2_0.35_192 480 23.266758648442625
mobilenet_v2_0.35_192 720 21.25038966019623
mobilenet_v2_0.35_192 1080 19.145184936456506
mobilenet_v2_0.75_96 360 24.14315167146108
mobilenet_v2_0.75_96 480 24.087110044522678
mobilenet_v2_0.75_96 720 22.083473642467517
mobilenet_v2_0.75_96 1080 19.406943031431737
mobilenet_v2_0.35_224 360 25.72236591833389
mobilenet_v2_0.35_224 480 26.070424809801
mobilenet_v2_0.35_224 720 25.023423218933225
mobilenet_v2_0.35_224 1080 23.979148444604267
mobilenet_v2_1.0_128 360 25.034816417635483
mobilenet_v2_1.0_128 480 24.85547339052422
mobilenet_v2_1.0_128 720 23.097781430812724
mobilenet_v2_1.0_128 1080 20.921100271021206
mobilenet_v2_0.35_96 360 21.715979609550107
mobilenet_v2_0.35_96 480 21.239529885344528
mobilenet_v2_0.35_96 720 18.549683888556252
mobilenet_v2_0.35_96 1080 15.394429616555234
mobilenet_v2_1.0_160 360 23.509037783810147
mobilenet_v2_1.0_160 480 23.66764093574345
mobilenet_v2_1.0_160 720 21.611610097284576
mobilenet_v2_1.0_160 1080 19.02244734376879
mobilenet_v2_0.5_128 360 25.28164865697569
mobilenet_v2_0.5_128 480 25.26561938921715
mobilenet_v2_0.5_128 720 24.20991658880369
mobilenet_v2_0.5_128 1080 23.047905291516464
mobilenet_v2_1.0_192 360 22.73341986353146
mobilenet_v2_1.0_192 480 22.4472502244725
mobilenet_v2_1.0_192 720 19.505685128303966
mobilenet_v2_1.0_192 1080 16.65213366841897
mobilenet_v2_0.5_160 360 22.884667710248703
mobilenet_v2_0.5_160 480 22.69435094973178
mobilenet_v2_0.5_160 720 20.016011458254695
mobilenet_v2_0.5_160 1080 17.0603261769327
mobilenet_v2_1.0_224 360 25.854399943370428
mobilenet_v2_1.0_224 480 26.044175139665917
mobilenet_v2_1.0_224 720 25.004076170685078
mobilenet_v2_1.0_224 1080 23.70605473437379
v3-large_224_0.75_float 360 18.459391249559175
v3-large_224_0.75_float 480 18.599499529102097
v3-large_224_0.75_float 720 17.30603174774977
v3-large_224_0.75_float 1080 15.697945673948125
mobilenet_v2_0.75_224 360 24.17521390101449
mobilenet_v2_0.75_224 480 24.34118021977101
mobilenet_v2_0.75_224 720 22.812393467854605
mobilenet_v2_0.75_224 1080 20.896681541154944
mobilenet_v2_0.75_128 360 26.0701686948124
mobilenet_v2_0.75_128 480 26.312112382850056
mobilenet_v2_0.75_128 720 25.54184847995116
mobilenet_v2_0.75_128 1080 23.88592255345617
mobilenet_v2_0.5_192 360 21.235871337660193
mobilenet_v2_0.5_192 480 21.155461323985396
mobilenet_v2_0.5_192 720 18.21520085762657
mobilenet_v2_0.5_192 1080 15.425481900123005
mobilenet_v2_0.5_224 360 25.451454114005678
mobilenet_v2_0.5_224 480 26.010727420859947
mobilenet_v2_0.5_224 720 25.235705463152694
mobilenet_v2_0.5_224 1080 23.158981458096246
mobilenet_v2_1.0_96 360 22.894946781352925
mobilenet_v2_1.0_96 480 22.52986740678844
mobilenet_v2_1.0_96 720 19.88852581951241
mobilenet_v2_1.0_96 1080 17.292003745654192
mobilenet_v2_0.75_192 360 25.54430562115232
mobilenet_v2_0.75_192 480 25.737008477782172
mobilenet_v2_0.75_192 720 25.55370774238827
mobilenet_v2_0.75_192 1080 23.937056688200773
v3-small_224_0.75_float 360 25.431612220607708
v3-small_224_0.75_float 480 25.310508550183037
v3-small_224_0.75_float 720 23.18888786406815
v3-small_224_0.75_float 1080 20.94632282119307
v3-small_224_1.0_float 360 18.432095083569337
v3-small_224_1.0_float 480 18.19191926405767
v3-small_224_1.0_float 720 16.210372931937513
v3-small_224_1.0_float 1080 14.282197096729755
v3-small-minimalistic_224_1.0_float 360 24.86170640852851
v3-small-minimalistic_224_1.0_float 480 25.055998324263854
v3-small-minimalistic_224_1.0_float 720 23.034766484471767
v3-small-minimalistic_224_1.0_float 1080 20.310313257224568
v3-large_224_1.0_float 360 16.758578389211817
v3-large_224_1.0_float 480 16.46665240791636
v3-large_224_1.0_float 720 14.039727786576428
v3-large_224_1.0_float 1080 10.944573172787813
v3-large-minimalistic_224_1.0_float 360 19.078307029233763
v3-large-minimalistic_224_1.0_float 480 19.063632130999274
v3-large-minimalistic_224_1.0_float 720 18.150052342178505
v3-large-minimalistic_224_1.0_float 1080 16.783954539460275
