mobilenet_v2_0.5_224 1080 12.718790923407255
mobilenet_v2_0.5_224 360 18.9704184172248
mobilenet_v2_0.5_224 720 15.824687947922998
mobilenet_v2_0.5_224 480 18.4092064254964
mobilenet_v2_0.75_96 1080 11.551544009388119
mobilenet_v2_0.75_96 360 18.423716549815264
mobilenet_v2_0.75_96 720 14.99220565515104
mobilenet_v2_0.75_96 480 17.94132444229373
mobilenet_v2_0.35_192 1080 11.493434811700627
mobilenet_v2_0.35_192 360 17.889337483981596
mobilenet_v2_0.35_192 720 14.6571021243895
mobilenet_v2_0.35_192 480 17.581793757885727
mobilenet_v2_0.5_96 1080 10.940515910426784
mobilenet_v2_0.5_96 360 17.917709422600907
mobilenet_v2_0.5_96 720 14.14251962684238
mobilenet_v2_0.5_96 480 17.485645249026273
mobilenet_v2_1.0_128 1080 12.15409284291409
mobilenet_v2_1.0_128 360 18.609185481393986
mobilenet_v2_1.0_128 720 15.213901638446504
mobilenet_v2_1.0_128 480 18.07333272031733
mobilenet_v2_0.75_224 1080 11.739020783705213
mobilenet_v2_0.75_224 360 17.739897188415867
mobilenet_v2_0.75_224 720 14.695491076200238
mobilenet_v2_0.75_224 480 17.282315962532174
v3-large-minimalistic_224_1.0_float 1080 11.653976373444056
v3-large-minimalistic_224_1.0_float 360 17.34763348130728
v3-large-minimalistic_224_1.0_float 720 14.50748129106074
v3-large-minimalistic_224_1.0_float 480 17.040818049741823
mobilenet_v2_0.35_160 1080 11.280134358708121
mobilenet_v2_0.35_160 360 17.855730438163558
mobilenet_v2_0.35_160 720 14.385724079935045
mobilenet_v2_0.35_160 480 17.486613446647112
v3-small_224_0.75_float 1080 16.487047486183336
v3-small_224_0.75_float 360 34.33136954552643
v3-small_224_0.75_float 720 23.672010842792815
v3-small_224_0.75_float 480 31.44231560593887
v3-small-minimalistic_224_1.0_float 1080 12.635574095816652
v3-small-minimalistic_224_1.0_float 360 27.541398842827526
v3-small-minimalistic_224_1.0_float 720 18.237016346992696
v3-small-minimalistic_224_1.0_float 480 26.129161116669234
mobilenet_v2_1.0_96 1080 8.139828221606667
mobilenet_v2_1.0_96 360 13.815434497746017
mobilenet_v2_1.0_96 720 10.664804184777989
mobilenet_v2_1.0_96 480 13.308480855623044
mobilenet_v2_1.0_192 1080 9.029339136269872
mobilenet_v2_1.0_192 360 17.819227961202913
mobilenet_v2_1.0_192 720 13.945436885988022
mobilenet_v2_1.0_192 480 17.382789356961936
mobilenet_v2_0.5_160 1080 10.896265250542767
mobilenet_v2_0.5_160 360 18.058570423843992
mobilenet_v2_0.5_160 720 14.270288019518544
mobilenet_v2_0.5_160 480 17.482693166207966
mobilenet_v2_0.35_96 1080 10.003598932560857
mobilenet_v2_0.35_96 360 16.74653956024303
mobilenet_v2_0.35_96 720 11.230971020911184
mobilenet_v2_0.35_96 480 14.014065929007643
mobilenet_v2_0.35_128 1080 9.88478664066082
mobilenet_v2_0.35_128 360 15.19353547708479
mobilenet_v2_0.35_128 720 12.608269972758338
mobilenet_v2_0.35_128 480 14.912036596720995
mobilenet_v2_0.5_192 1080 8.615079210565696
mobilenet_v2_0.5_192 360 14.71820847516165
mobilenet_v2_0.5_192 720 12.668651422056122
mobilenet_v2_0.5_192 480 15.948266335545496
mobilenet_v2_0.75_160 1080 12.292457956198694
mobilenet_v2_0.75_160 360 17.827649027213976
mobilenet_v2_0.75_160 720 14.929381506456211
mobilenet_v2_0.75_160 480 17.516057190301087
mobilenet_v2_0.75_128 1080 11.882231554192145
mobilenet_v2_0.75_128 360 17.393151269625697
mobilenet_v2_0.75_128 720 14.533783526405955
mobilenet_v2_0.75_128 480 17.105730752680824
mobilenet_v2_0.5_128 1080 12.333430705930613
mobilenet_v2_0.5_128 360 18.31395998595449
mobilenet_v2_0.5_128 720 15.139292045151805
mobilenet_v2_0.5_128 480 17.85491529650276
mobilenet_v2_1.0_160 1080 11.250342287551206
mobilenet_v2_1.0_160 360 17.780828230979
mobilenet_v2_1.0_160 720 14.351007101698372
mobilenet_v2_1.0_160 480 17.336553837098094
mobilenet_v2_1.0_224 1080 12.571216151611637
mobilenet_v2_1.0_224 360 18.914699640739855
mobilenet_v2_1.0_224 720 15.804845114829044
mobilenet_v2_1.0_224 480 18.60253917335882
mobilenet_v2_0.75_192 1080 12.70671622562331
mobilenet_v2_0.75_192 360 18.7676121848796
mobilenet_v2_0.75_192 720 15.615307399533851
mobilenet_v2_0.75_192 480 18.460641642065976
v3-large_224_0.75_float 1080 11.19049917808364
v3-large_224_0.75_float 360 17.569242529084754
v3-large_224_0.75_float 720 14.215014518742528
v3-large_224_0.75_float 480 16.918889435723635
v3-large_224_1.0_float 1080 8.330239244471102
v3-large_224_1.0_float 360 15.889057275958573
v3-large_224_1.0_float 720 11.616781887981345
v3-large_224_1.0_float 480 15.351317490992411
v3-small_224_1.0_float 1080 10.311982117236681
v3-small_224_1.0_float 360 16.83643244897557
v3-small_224_1.0_float 720 13.371728594942228
v3-small_224_1.0_float 480 16.263353786741735
mobilenet_v2_0.35_224 1080 12.7302179000897
mobilenet_v2_0.35_224 360 18.707861672681908
mobilenet_v2_0.35_224 720 15.547368091162351
mobilenet_v2_0.35_224 480 18.24397792761873
